<?xml version="1.0" encoding="UTF-8"?>
<testsuite name="com.example.project.TestUser" tests="2" skipped="0" failures="0" errors="0" timestamp="2025-01-16T17:17:08" hostname="codespaces-8ab479" time="0.051">
  <properties/>
  <testcase name="testUserConstructor()" classname="com.example.project.TestUser" time="0.044"/>
  <testcase name="testUserInfo()" classname="com.example.project.TestUser" time="0.004"/>
  <system-out><![CDATA[]]></system-out>
  <system-err><![CDATA[]]></system-err>
</testsuite>
